<?xml version="1.0" encoding="UTF-8"?>
<!-- Generated by org.testng.reporters.JUnitReportReporter -->
<testsuite hostname="Howtozap" failures="0" tests="2" name="Haramkhor.Demo4Test" time="0.021" errors="0" timestamp="2022-04-16T20:07:06 IST" skipped="0">
  <testcase classname="Haramkhor.Demo4Test" name="test1" time="0.018"/>
  <system-out/>
  <testcase classname="Haramkhor.Demo4Test" name="test2" time="0.003"/>
  <system-out/>
</testsuite> <!-- Haramkhor.Demo4Test -->
