<?xml version="1.0" encoding="UTF-8"?>
<!-- Generated by org.testng.reporters.JUnitReportReporter -->
<testsuite hostname="Howtozap" failures="0" tests="1" name="DemoSDET31.DemoSDET31" time="0.031" errors="0" timestamp="2022-03-24T02:22:20 IST" skipped="0">
  <testcase classname="DemoSDET31.DemoSDET31" name="Demo" time="0.031"/>
  <system-out/>
</testsuite> <!-- DemoSDET31.DemoSDET31 -->
