<?xml version="1.0" encoding="UTF-8"?>
<!-- Generated by org.testng.reporters.JUnitReportReporter -->
<testsuite hostname="Howtozap" failures="0" tests="1" name="DemoSDET31.DemoSDET31" time="0.008" errors="0" timestamp="2022-03-14T11:00:30 IST" skipped="0">
  <testcase classname="DemoSDET31.DemoSDET31" name="Demo" time="0.008"/>
  <system-out/>
</testsuite> <!-- DemoSDET31.DemoSDET31 -->
